2019-04-03 18:53:48 INFO  JsonSimpleDeserializer:33 - dataSource/products.json successfuly read.
2019-04-03 18:53:48 INFO  JsonDeserializer:36 - dataSource/users.json successfuly read.
2019-04-03 18:53:48 INFO  JsonSimpleDeserializer:33 - dataSource/products.json successfuly read.
2019-04-03 19:20:37 INFO  JsonSimpleDeserializer:33 - dataSource/products.json successfuly read.
2019-04-03 19:20:37 INFO  JsonDeserializer:36 - dataSource/users.json successfuly read.
2019-04-03 19:20:37 INFO  JsonSimpleDeserializer:33 - dataSource/products.json successfuly read.
2019-04-03 19:23:13 INFO  JsonSimpleDeserializer:33 - dataSource/products.json successfuly read.
2019-04-03 19:23:13 INFO  JsonDeserializer:36 - dataSource/users.json successfuly read.
2019-04-03 19:23:13 INFO  JsonSimpleDeserializer:33 - dataSource/products.json successfuly read.
2019-04-03 19:23:28 ERROR runtime:59 - Error executing FreeMarker template
FreeMarker template error:
The following has evaluated to null or missing:
==> spring  [in template "basket.ftl" at line 32, column 27]

----
Tip: If the failing expression is known to legally refer to something that's sometimes null or missing, either specify a default value like myOptionalVar!myDefault, or use <#if myOptionalVar??>when-present<#else>when-missing</#if>. (These only cover the last step of the expression; to cover the whole expression, use parenthesis: (myOptionalVar.foo)!myDefault, (myOptionalVar.foo)??
----

----
FTL stack trace ("~" means nesting-related):
	- Failed at: @spring.formCheckbox path="selectChecks"  [in template "basket.ftl" at line 32, column 25]
	~ Reached through: #nested  [in template "parts/common.ftl" in macro "page" at line 17, column 5]
	~ Reached through: @common.page  [in template "basket.ftl" at line 3, column 1]
----

Java stack trace (for programmers):
----
freemarker.core.InvalidReferenceException: [... Exception message was already printed; see it above ...]
	at freemarker.core.InvalidReferenceException.getInstance(InvalidReferenceException.java:134)
	at freemarker.core.UnexpectedTypeException.newDesciptionBuilder(UnexpectedTypeException.java:85)
	at freemarker.core.UnexpectedTypeException.<init>(UnexpectedTypeException.java:48)
	at freemarker.core.NonHashException.<init>(NonHashException.java:49)
	at freemarker.core.Dot._eval(Dot.java:48)
	at freemarker.core.Expression.eval(Expression.java:83)
	at freemarker.core.UnifiedCall.accept(UnifiedCall.java:73)
	at freemarker.core.Environment.visit(Environment.java:366)
	at freemarker.core.IteratorBlock$IterationContext.executedNestedContentForCollOrSeqListing(IteratorBlock.java:317)
	at freemarker.core.IteratorBlock$IterationContext.executeNestedContent(IteratorBlock.java:271)
	at freemarker.core.IteratorBlock$IterationContext.accept(IteratorBlock.java:242)
	at freemarker.core.Environment.visitIteratorBlock(Environment.java:642)
	at freemarker.core.IteratorBlock.acceptWithResult(IteratorBlock.java:107)
	at freemarker.core.IteratorBlock.accept(IteratorBlock.java:93)
	at freemarker.core.Environment.visit(Environment.java:366)
	at freemarker.core.Environment.invokeNestedContent(Environment.java:618)
	at freemarker.core.BodyInstruction.accept(BodyInstruction.java:60)
	at freemarker.core.Environment.visit(Environment.java:366)
	at freemarker.core.Environment.invoke(Environment.java:775)
	at freemarker.core.UnifiedCall.accept(UnifiedCall.java:83)
	at freemarker.core.Environment.visit(Environment.java:330)
	at freemarker.core.Environment.visit(Environment.java:336)
	at freemarker.core.Environment.process(Environment.java:309)
	at freemarker.template.Template.process(Template.java:384)
	at org.springframework.web.servlet.view.freemarker.FreeMarkerView.processTemplate(FreeMarkerView.java:396)
	at org.springframework.web.servlet.view.freemarker.FreeMarkerView.doRender(FreeMarkerView.java:309)
	at org.springframework.web.servlet.view.freemarker.FreeMarkerView.renderMergedTemplateModel(FreeMarkerView.java:257)
	at org.springframework.web.servlet.view.AbstractTemplateView.renderMergedOutputModel(AbstractTemplateView.java:165)
	at org.springframework.web.servlet.view.AbstractView.render(AbstractView.java:315)
	at org.springframework.web.servlet.DispatcherServlet.render(DispatcherServlet.java:1325)
	at org.springframework.web.servlet.DispatcherServlet.processDispatchResult(DispatcherServlet.java:1069)
	at org.springframework.web.servlet.DispatcherServlet.doDispatch(DispatcherServlet.java:1008)
	at org.springframework.web.servlet.DispatcherServlet.doService(DispatcherServlet.java:925)
	at org.springframework.web.servlet.FrameworkServlet.processRequest(FrameworkServlet.java:974)
	at org.springframework.web.servlet.FrameworkServlet.doGet(FrameworkServlet.java:866)
	at javax.servlet.http.HttpServlet.service(HttpServlet.java:635)
	at org.springframework.web.servlet.FrameworkServlet.service(FrameworkServlet.java:851)
	at javax.servlet.http.HttpServlet.service(HttpServlet.java:742)
	at org.apache.catalina.core.ApplicationFilterChain.internalDoFilter(ApplicationFilterChain.java:231)
	at org.apache.catalina.core.ApplicationFilterChain.doFilter(ApplicationFilterChain.java:166)
	at org.apache.tomcat.websocket.server.WsFilter.doFilter(WsFilter.java:52)
	at org.apache.catalina.core.ApplicationFilterChain.internalDoFilter(ApplicationFilterChain.java:193)
	at org.apache.catalina.core.ApplicationFilterChain.doFilter(ApplicationFilterChain.java:166)
	at org.springframework.security.web.FilterChainProxy$VirtualFilterChain.doFilter(FilterChainProxy.java:320)
	at org.springframework.security.web.access.intercept.FilterSecurityInterceptor.invoke(FilterSecurityInterceptor.java:127)
	at org.springframework.security.web.access.intercept.FilterSecurityInterceptor.doFilter(FilterSecurityInterceptor.java:91)
	at org.springframework.security.web.FilterChainProxy$VirtualFilterChain.doFilter(FilterChainProxy.java:334)
	at org.springframework.security.web.access.ExceptionTranslationFilter.doFilter(ExceptionTranslationFilter.java:119)
	at org.springframework.security.web.FilterChainProxy$VirtualFilterChain.doFilter(FilterChainProxy.java:334)
	at org.springframework.security.web.session.SessionManagementFilter.doFilter(SessionManagementFilter.java:137)
	at org.springframework.security.web.FilterChainProxy$VirtualFilterChain.doFilter(FilterChainProxy.java:334)
	at org.springframework.security.web.authentication.AnonymousAuthenticationFilter.doFilter(AnonymousAuthenticationFilter.java:111)
	at org.springframework.security.web.FilterChainProxy$VirtualFilterChain.doFilter(FilterChainProxy.java:334)
	at org.springframework.security.web.servletapi.SecurityContextHolderAwareRequestFilter.doFilter(SecurityContextHolderAwareRequestFilter.java:170)
	at org.springframework.security.web.FilterChainProxy$VirtualFilterChain.doFilter(FilterChainProxy.java:334)
	at org.springframework.security.web.savedrequest.RequestCacheAwareFilter.doFilter(RequestCacheAwareFilter.java:63)
	at org.springframework.security.web.FilterChainProxy$VirtualFilterChain.doFilter(FilterChainProxy.java:334)
	at org.springframework.security.web.authentication.AbstractAuthenticationProcessingFilter.doFilter(AbstractAuthenticationProcessingFilter.java:200)
	at org.springframework.security.web.FilterChainProxy$VirtualFilterChain.doFilter(FilterChainProxy.java:334)
	at org.springframework.security.web.authentication.logout.LogoutFilter.doFilter(LogoutFilter.java:116)
	at org.springframework.security.web.FilterChainProxy$VirtualFilterChain.doFilter(FilterChainProxy.java:334)
	at org.springframework.security.web.csrf.CsrfFilter.doFilterInternal(CsrfFilter.java:100)
	at org.springframework.web.filter.OncePerRequestFilter.doFilter(OncePerRequestFilter.java:107)
	at org.springframework.security.web.FilterChainProxy$VirtualFilterChain.doFilter(FilterChainProxy.java:334)
	at org.springframework.security.web.header.HeaderWriterFilter.doFilterInternal(HeaderWriterFilter.java:66)
	at org.springframework.web.filter.OncePerRequestFilter.doFilter(OncePerRequestFilter.java:107)
	at org.springframework.security.web.FilterChainProxy$VirtualFilterChain.doFilter(FilterChainProxy.java:334)
	at org.springframework.security.web.context.SecurityContextPersistenceFilter.doFilter(SecurityContextPersistenceFilter.java:105)
	at org.springframework.security.web.FilterChainProxy$VirtualFilterChain.doFilter(FilterChainProxy.java:334)
	at org.springframework.security.web.context.request.async.WebAsyncManagerIntegrationFilter.doFilterInternal(WebAsyncManagerIntegrationFilter.java:56)
	at org.springframework.web.filter.OncePerRequestFilter.doFilter(OncePerRequestFilter.java:107)
	at org.springframework.security.web.FilterChainProxy$VirtualFilterChain.doFilter(FilterChainProxy.java:334)
	at org.springframework.security.web.FilterChainProxy.doFilterInternal(FilterChainProxy.java:215)
	at org.springframework.security.web.FilterChainProxy.doFilter(FilterChainProxy.java:178)
	at org.springframework.web.filter.DelegatingFilterProxy.invokeDelegate(DelegatingFilterProxy.java:357)
	at org.springframework.web.filter.DelegatingFilterProxy.doFilter(DelegatingFilterProxy.java:270)
	at org.apache.catalina.core.ApplicationFilterChain.internalDoFilter(ApplicationFilterChain.java:193)
	at org.apache.catalina.core.ApplicationFilterChain.doFilter(ApplicationFilterChain.java:166)
	at org.springframework.web.filter.RequestContextFilter.doFilterInternal(RequestContextFilter.java:99)
	at org.springframework.web.filter.OncePerRequestFilter.doFilter(OncePerRequestFilter.java:107)
	at org.apache.catalina.core.ApplicationFilterChain.internalDoFilter(ApplicationFilterChain.java:193)
	at org.apache.catalina.core.ApplicationFilterChain.doFilter(ApplicationFilterChain.java:166)
	at org.springframework.web.filter.HttpPutFormContentFilter.doFilterInternal(HttpPutFormContentFilter.java:109)
	at org.springframework.web.filter.OncePerRequestFilter.doFilter(OncePerRequestFilter.java:107)
	at org.apache.catalina.core.ApplicationFilterChain.internalDoFilter(ApplicationFilterChain.java:193)
	at org.apache.catalina.core.ApplicationFilterChain.doFilter(ApplicationFilterChain.java:166)
	at org.springframework.web.filter.HiddenHttpMethodFilter.doFilterInternal(HiddenHttpMethodFilter.java:93)
	at org.springframework.web.filter.OncePerRequestFilter.doFilter(OncePerRequestFilter.java:107)
	at org.apache.catalina.core.ApplicationFilterChain.internalDoFilter(ApplicationFilterChain.java:193)
	at org.apache.catalina.core.ApplicationFilterChain.doFilter(ApplicationFilterChain.java:166)
	at org.springframework.web.filter.CharacterEncodingFilter.doFilterInternal(CharacterEncodingFilter.java:200)
	at org.springframework.web.filter.OncePerRequestFilter.doFilter(OncePerRequestFilter.java:107)
	at org.apache.catalina.core.ApplicationFilterChain.internalDoFilter(ApplicationFilterChain.java:193)
	at org.apache.catalina.core.ApplicationFilterChain.doFilter(ApplicationFilterChain.java:166)
	at org.apache.catalina.core.StandardWrapperValve.invoke(StandardWrapperValve.java:198)
	at org.apache.catalina.core.StandardContextValve.invoke(StandardContextValve.java:96)
	at org.apache.catalina.authenticator.AuthenticatorBase.invoke(AuthenticatorBase.java:493)
	at org.apache.catalina.core.StandardHostValve.invoke(StandardHostValve.java:140)
	at org.apache.catalina.valves.ErrorReportValve.invoke(ErrorReportValve.java:81)
	at org.apache.catalina.core.StandardEngineValve.invoke(StandardEngineValve.java:87)
	at org.apache.catalina.connector.CoyoteAdapter.service(CoyoteAdapter.java:342)
	at org.apache.coyote.http11.Http11Processor.service(Http11Processor.java:800)
	at org.apache.coyote.AbstractProcessorLight.process(AbstractProcessorLight.java:66)
	at org.apache.coyote.AbstractProtocol$ConnectionHandler.process(AbstractProtocol.java:806)
	at org.apache.tomcat.util.net.NioEndpoint$SocketProcessor.doRun(NioEndpoint.java:1498)
	at org.apache.tomcat.util.net.SocketProcessorBase.run(SocketProcessorBase.java:49)
	at java.util.concurrent.ThreadPoolExecutor.runWorker(ThreadPoolExecutor.java:1149)
	at java.util.concurrent.ThreadPoolExecutor$Worker.run(ThreadPoolExecutor.java:624)
	at org.apache.tomcat.util.threads.TaskThread$WrappingRunnable.run(TaskThread.java:61)
	at java.lang.Thread.run(Thread.java:748)
2019-04-03 20:02:53 INFO  JsonSimpleDeserializer:33 - dataSource/products.json successfuly read.
2019-04-03 20:02:53 INFO  JsonDeserializer:36 - dataSource/users.json successfuly read.
2019-04-03 20:02:53 INFO  JsonSimpleDeserializer:33 - dataSource/products.json successfuly read.
2019-04-03 20:04:59 INFO  JsonSimpleDeserializer:33 - dataSource/products.json successfuly read.
2019-04-03 20:04:59 INFO  JsonDeserializer:36 - dataSource/users.json successfuly read.
2019-04-03 20:04:59 INFO  JsonSimpleDeserializer:33 - dataSource/products.json successfuly read.
2019-04-03 20:08:13 INFO  JsonSimpleDeserializer:33 - dataSource/products.json successfuly read.
2019-04-03 20:08:13 INFO  JsonDeserializer:36 - dataSource/users.json successfuly read.
2019-04-03 20:08:13 INFO  JsonSimpleDeserializer:33 - dataSource/products.json successfuly read.
2019-04-03 20:09:00 INFO  JsonSerializer:26 - dataSource/users.json successfuly is written.
2019-04-03 20:11:03 INFO  JsonSimpleDeserializer:33 - dataSource/products.json successfuly read.
2019-04-03 20:11:03 INFO  JsonDeserializer:36 - dataSource/users.json successfuly read.
2019-04-03 20:11:03 INFO  JsonSimpleDeserializer:33 - dataSource/products.json successfuly read.
2019-04-04 13:00:18 INFO  JsonDeserializer:36 - dataSource/users.json successfuly read.
2019-04-04 13:00:18 INFO  JsonSimpleDeserializer:33 - dataSource/products.json successfuly read.
2019-04-04 13:00:54 INFO  JsonSerializer:26 - dataSource/users.json successfuly is written.
2019-04-04 13:01:07 INFO  JsonSerializer:26 - dataSource/users.json successfuly is written.
2019-04-04 13:01:45 INFO  JsonSerializer:26 - dataSource/users.json successfuly is written.
2019-04-04 13:01:52 INFO  JsonSerializer:26 - dataSource/users.json successfuly is written.
2019-04-04 13:02:02 INFO  JsonSerializer:26 - dataSource/users.json successfuly is written.
2019-04-04 13:10:48 INFO  JsonSimpleDeserializer:33 - dataSource/products.json successfuly read.
2019-04-04 13:10:48 INFO  JsonDeserializer:36 - dataSource/users.json successfuly read.
2019-04-04 13:10:48 INFO  JsonSimpleDeserializer:33 - dataSource/products.json successfuly read.
2019-04-04 13:14:52 INFO  JsonSimpleDeserializer:33 - dataSource/products.json successfuly read.
2019-04-04 13:14:52 INFO  JsonDeserializer:36 - dataSource/users.json successfuly read.
2019-04-04 13:14:52 INFO  JsonSimpleDeserializer:33 - dataSource/products.json successfuly read.
2019-04-04 13:15:44 INFO  JsonSerializer:26 - dataSource/users.json successfuly is written.
2019-04-04 13:25:10 INFO  JsonSerializer:26 - dataSource/users.json successfuly is written.
2019-04-04 13:25:44 INFO  JsonSerializer:26 - dataSource/users.json successfuly is written.
2019-04-04 13:27:43 INFO  JsonSimpleDeserializer:33 - dataSource/products.json successfuly read.
2019-04-04 13:27:43 INFO  JsonDeserializer:36 - dataSource/users.json successfuly read.
2019-04-04 13:27:43 INFO  JsonSimpleDeserializer:33 - dataSource/products.json successfuly read.
2019-04-04 13:29:25 INFO  JsonSimpleDeserializer:33 - dataSource/products.json successfuly read.
2019-04-04 13:29:25 INFO  JsonDeserializer:36 - dataSource/users.json successfuly read.
2019-04-04 13:29:25 INFO  JsonSimpleDeserializer:33 - dataSource/products.json successfuly read.
2019-04-04 13:31:48 INFO  JsonSimpleDeserializer:33 - dataSource/products.json successfuly read.
2019-04-04 13:31:48 INFO  JsonDeserializer:36 - dataSource/users.json successfuly read.
2019-04-04 13:31:48 INFO  JsonSimpleDeserializer:33 - dataSource/products.json successfuly read.
2019-04-04 13:33:12 INFO  JsonSimpleDeserializer:33 - dataSource/products.json successfuly read.
2019-04-04 13:33:12 INFO  JsonDeserializer:36 - dataSource/users.json successfuly read.
2019-04-04 13:33:12 INFO  JsonSimpleDeserializer:33 - dataSource/products.json successfuly read.
2019-04-05 01:27:29 INFO  JsonSimpleDeserializer:33 - dataSource/products.json successfuly read.
2019-04-05 01:27:29 INFO  JsonDeserializer:36 - dataSource/users.json successfuly read.
2019-04-05 01:27:29 INFO  JsonSimpleDeserializer:33 - dataSource/products.json successfuly read.
2019-04-05 01:27:55 INFO  JsonSerializer:26 - dataSource/users.json successfuly is written.
2019-04-05 01:28:13 INFO  JsonSerializer:26 - dataSource/users.json successfuly is written.
2019-04-05 01:28:23 INFO  JsonSerializer:26 - dataSource/users.json successfuly is written.
2019-04-05 01:28:29 INFO  JsonSerializer:26 - dataSource/users.json successfuly is written.
2019-04-05 01:28:39 INFO  JsonSerializer:26 - dataSource/users.json successfuly is written.
2019-04-05 01:28:46 INFO  JsonSerializer:26 - dataSource/users.json successfuly is written.
2019-04-05 01:28:47 INFO  JsonSerializer:26 - dataSource/users.json successfuly is written.
2019-04-05 16:43:22 INFO  JsonSimpleDeserializer:33 - dataSource/products.json successfuly read.
2019-04-05 16:43:22 INFO  JsonSimpleDeserializer:33 - dataSource/products.json successfuly read.
2019-04-05 16:43:22 INFO  JsonDeserializer:36 - dataSource/users.json successfuly read.
2019-04-05 16:43:22 INFO  JsonSimpleDeserializer:33 - dataSource/products.json successfuly read.
2019-04-05 16:51:20 INFO  JsonSerializer:26 - dataSource/users.json successfuly is written.
2019-04-05 16:51:25 INFO  JsonSerializer:26 - dataSource/users.json successfuly is written.
2019-04-05 16:51:30 INFO  JsonSerializer:26 - dataSource/users.json successfuly is written.
2019-04-05 16:51:38 INFO  JsonSerializer:26 - dataSource/users.json successfuly is written.
2019-04-05 17:23:20 INFO  JsonSimpleDeserializer:33 - dataSource/products.json successfuly read.
2019-04-05 17:23:20 INFO  JsonSimpleDeserializer:33 - dataSource/products.json successfuly read.
2019-04-05 17:23:20 INFO  JsonDeserializer:36 - dataSource/users.json successfuly read.
2019-04-05 17:23:20 INFO  JsonSimpleDeserializer:33 - dataSource/products.json successfuly read.
2019-04-05 17:23:51 INFO  JsonSerializer:26 - dataSource/users.json successfuly is written.
2019-04-05 17:24:49 INFO  JsonSerializer:26 - dataSource/users.json successfuly is written.
2019-04-05 17:24:51 INFO  JsonSerializer:26 - dataSource/users.json successfuly is written.
2019-04-05 17:24:52 INFO  JsonSerializer:26 - dataSource/users.json successfuly is written.
2019-04-06 00:58:12 INFO  JsonDeserializer:36 - dataSource/users.json successfuly read.
2019-04-06 00:58:12 INFO  JsonSimpleDeserializer:32 - dataSource/products.json successfuly read.
2019-04-06 00:58:44 ERROR runtime:59 - Error executing FreeMarker template
FreeMarker template error:
Template inclusion failed (for parameter value "navbar.ftl"):
Syntax error in template "parts/navbar.ftl" in line 36, column 6:
Unexpected end of file reached. You have an unclosed #if.

----
FTL stack trace ("~" means nesting-related):
	- Failed at: #include "navbar.ftl"  [in template "parts/common.ftl" in macro "page" at line 15, column 1]
	- Reached through: @common.page  [in template "greeting.ftl" at line 3, column 1]
----

Java stack trace (for programmers):
----
freemarker.core._MiscTemplateException: [... Exception message was already printed; see it above ...]
	at freemarker.core.Include.accept(Include.java:164)
	at freemarker.core.Environment.visit(Environment.java:366)
	at freemarker.core.Environment.invoke(Environment.java:775)
	at freemarker.core.UnifiedCall.accept(UnifiedCall.java:83)
	at freemarker.core.Environment.visit(Environment.java:330)
	at freemarker.core.Environment.visit(Environment.java:336)
	at freemarker.core.Environment.process(Environment.java:309)
	at freemarker.template.Template.process(Template.java:384)
	at org.springframework.web.servlet.view.freemarker.FreeMarkerView.processTemplate(FreeMarkerView.java:396)
	at org.springframework.web.servlet.view.freemarker.FreeMarkerView.doRender(FreeMarkerView.java:309)
	at org.springframework.web.servlet.view.freemarker.FreeMarkerView.renderMergedTemplateModel(FreeMarkerView.java:257)
	at org.springframework.web.servlet.view.AbstractTemplateView.renderMergedOutputModel(AbstractTemplateView.java:165)
	at org.springframework.web.servlet.view.AbstractView.render(AbstractView.java:315)
	at org.springframework.web.servlet.DispatcherServlet.render(DispatcherServlet.java:1325)
	at org.springframework.web.servlet.DispatcherServlet.processDispatchResult(DispatcherServlet.java:1069)
	at org.springframework.web.servlet.DispatcherServlet.doDispatch(DispatcherServlet.java:1008)
	at org.springframework.web.servlet.DispatcherServlet.doService(DispatcherServlet.java:925)
	at org.springframework.web.servlet.FrameworkServlet.processRequest(FrameworkServlet.java:974)
	at org.springframework.web.servlet.FrameworkServlet.doGet(FrameworkServlet.java:866)
	at javax.servlet.http.HttpServlet.service(HttpServlet.java:635)
	at org.springframework.web.servlet.FrameworkServlet.service(FrameworkServlet.java:851)
	at javax.servlet.http.HttpServlet.service(HttpServlet.java:742)
	at org.apache.catalina.core.ApplicationFilterChain.internalDoFilter(ApplicationFilterChain.java:231)
	at org.apache.catalina.core.ApplicationFilterChain.doFilter(ApplicationFilterChain.java:166)
	at org.apache.tomcat.websocket.server.WsFilter.doFilter(WsFilter.java:52)
	at org.apache.catalina.core.ApplicationFilterChain.internalDoFilter(ApplicationFilterChain.java:193)
	at org.apache.catalina.core.ApplicationFilterChain.doFilter(ApplicationFilterChain.java:166)
	at org.springframework.security.web.FilterChainProxy$VirtualFilterChain.doFilter(FilterChainProxy.java:320)
	at org.springframework.security.web.access.intercept.FilterSecurityInterceptor.invoke(FilterSecurityInterceptor.java:127)
	at org.springframework.security.web.access.intercept.FilterSecurityInterceptor.doFilter(FilterSecurityInterceptor.java:91)
	at org.springframework.security.web.FilterChainProxy$VirtualFilterChain.doFilter(FilterChainProxy.java:334)
	at org.springframework.security.web.access.ExceptionTranslationFilter.doFilter(ExceptionTranslationFilter.java:119)
	at org.springframework.security.web.FilterChainProxy$VirtualFilterChain.doFilter(FilterChainProxy.java:334)
	at org.springframework.security.web.session.SessionManagementFilter.doFilter(SessionManagementFilter.java:137)
	at org.springframework.security.web.FilterChainProxy$VirtualFilterChain.doFilter(FilterChainProxy.java:334)
	at org.springframework.security.web.authentication.AnonymousAuthenticationFilter.doFilter(AnonymousAuthenticationFilter.java:111)
	at org.springframework.security.web.FilterChainProxy$VirtualFilterChain.doFilter(FilterChainProxy.java:334)
	at org.springframework.security.web.servletapi.SecurityContextHolderAwareRequestFilter.doFilter(SecurityContextHolderAwareRequestFilter.java:170)
	at org.springframework.security.web.FilterChainProxy$VirtualFilterChain.doFilter(FilterChainProxy.java:334)
	at org.springframework.security.web.savedrequest.RequestCacheAwareFilter.doFilter(RequestCacheAwareFilter.java:63)
	at org.springframework.security.web.FilterChainProxy$VirtualFilterChain.doFilter(FilterChainProxy.java:334)
	at org.springframework.security.web.authentication.AbstractAuthenticationProcessingFilter.doFilter(AbstractAuthenticationProcessingFilter.java:200)
	at org.springframework.security.web.FilterChainProxy$VirtualFilterChain.doFilter(FilterChainProxy.java:334)
	at org.springframework.security.web.authentication.logout.LogoutFilter.doFilter(LogoutFilter.java:116)
	at org.springframework.security.web.FilterChainProxy$VirtualFilterChain.doFilter(FilterChainProxy.java:334)
	at org.springframework.security.web.csrf.CsrfFilter.doFilterInternal(CsrfFilter.java:100)
	at org.springframework.web.filter.OncePerRequestFilter.doFilter(OncePerRequestFilter.java:107)
	at org.springframework.security.web.FilterChainProxy$VirtualFilterChain.doFilter(FilterChainProxy.java:334)
	at org.springframework.security.web.header.HeaderWriterFilter.doFilterInternal(HeaderWriterFilter.java:66)
	at org.springframework.web.filter.OncePerRequestFilter.doFilter(OncePerRequestFilter.java:107)
	at org.springframework.security.web.FilterChainProxy$VirtualFilterChain.doFilter(FilterChainProxy.java:334)
	at org.springframework.security.web.context.SecurityContextPersistenceFilter.doFilter(SecurityContextPersistenceFilter.java:105)
	at org.springframework.security.web.FilterChainProxy$VirtualFilterChain.doFilter(FilterChainProxy.java:334)
	at org.springframework.security.web.context.request.async.WebAsyncManagerIntegrationFilter.doFilterInternal(WebAsyncManagerIntegrationFilter.java:56)
	at org.springframework.web.filter.OncePerRequestFilter.doFilter(OncePerRequestFilter.java:107)
	at org.springframework.security.web.FilterChainProxy$VirtualFilterChain.doFilter(FilterChainProxy.java:334)
	at org.springframework.security.web.FilterChainProxy.doFilterInternal(FilterChainProxy.java:215)
	at org.springframework.security.web.FilterChainProxy.doFilter(FilterChainProxy.java:178)
	at org.springframework.web.filter.DelegatingFilterProxy.invokeDelegate(DelegatingFilterProxy.java:357)
	at org.springframework.web.filter.DelegatingFilterProxy.doFilter(DelegatingFilterProxy.java:270)
	at org.apache.catalina.core.ApplicationFilterChain.internalDoFilter(ApplicationFilterChain.java:193)
	at org.apache.catalina.core.ApplicationFilterChain.doFilter(ApplicationFilterChain.java:166)
	at org.springframework.web.filter.RequestContextFilter.doFilterInternal(RequestContextFilter.java:99)
	at org.springframework.web.filter.OncePerRequestFilter.doFilter(OncePerRequestFilter.java:107)
	at org.apache.catalina.core.ApplicationFilterChain.internalDoFilter(ApplicationFilterChain.java:193)
	at org.apache.catalina.core.ApplicationFilterChain.doFilter(ApplicationFilterChain.java:166)
	at org.springframework.web.filter.HttpPutFormContentFilter.doFilterInternal(HttpPutFormContentFilter.java:109)
	at org.springframework.web.filter.OncePerRequestFilter.doFilter(OncePerRequestFilter.java:107)
	at org.apache.catalina.core.ApplicationFilterChain.internalDoFilter(ApplicationFilterChain.java:193)
	at org.apache.catalina.core.ApplicationFilterChain.doFilter(ApplicationFilterChain.java:166)
	at org.springframework.web.filter.HiddenHttpMethodFilter.doFilterInternal(HiddenHttpMethodFilter.java:93)
	at org.springframework.web.filter.OncePerRequestFilter.doFilter(OncePerRequestFilter.java:107)
	at org.apache.catalina.core.ApplicationFilterChain.internalDoFilter(ApplicationFilterChain.java:193)
	at org.apache.catalina.core.ApplicationFilterChain.doFilter(ApplicationFilterChain.java:166)
	at org.springframework.web.filter.CharacterEncodingFilter.doFilterInternal(CharacterEncodingFilter.java:200)
	at org.springframework.web.filter.OncePerRequestFilter.doFilter(OncePerRequestFilter.java:107)
	at org.apache.catalina.core.ApplicationFilterChain.internalDoFilter(ApplicationFilterChain.java:193)
	at org.apache.catalina.core.ApplicationFilterChain.doFilter(ApplicationFilterChain.java:166)
	at org.apache.catalina.core.StandardWrapperValve.invoke(StandardWrapperValve.java:198)
	at org.apache.catalina.core.StandardContextValve.invoke(StandardContextValve.java:96)
	at org.apache.catalina.authenticator.AuthenticatorBase.invoke(AuthenticatorBase.java:493)
	at org.apache.catalina.core.StandardHostValve.invoke(StandardHostValve.java:140)
	at org.apache.catalina.valves.ErrorReportValve.invoke(ErrorReportValve.java:81)
	at org.apache.catalina.core.StandardEngineValve.invoke(StandardEngineValve.java:87)
	at org.apache.catalina.connector.CoyoteAdapter.service(CoyoteAdapter.java:342)
	at org.apache.coyote.http11.Http11Processor.service(Http11Processor.java:800)
	at org.apache.coyote.AbstractProcessorLight.process(AbstractProcessorLight.java:66)
	at org.apache.coyote.AbstractProtocol$ConnectionHandler.process(AbstractProtocol.java:806)
	at org.apache.tomcat.util.net.NioEndpoint$SocketProcessor.doRun(NioEndpoint.java:1498)
	at org.apache.tomcat.util.net.SocketProcessorBase.run(SocketProcessorBase.java:49)
	at java.util.concurrent.ThreadPoolExecutor.runWorker(ThreadPoolExecutor.java:1149)
	at java.util.concurrent.ThreadPoolExecutor$Worker.run(ThreadPoolExecutor.java:624)
	at org.apache.tomcat.util.threads.TaskThread$WrappingRunnable.run(TaskThread.java:61)
	at java.lang.Thread.run(Thread.java:748)
Caused by: freemarker.core.ParseException: Syntax error in template "parts/navbar.ftl" in line 36, column 6:
Unexpected end of file reached. You have an unclosed #if.
	at freemarker.core.FMParser.generateParseException(FMParser.java:5768)
	at freemarker.core.FMParser.jj_consume_token(FMParser.java:5627)
	at freemarker.core.FMParser.If(FMParser.java:1699)
	at freemarker.core.FMParser.FreemarkerDirective(FMParser.java:3422)
	at freemarker.core.FMParser.MixedContentElements(FMParser.java:3812)
	at freemarker.core.FMParser.Root(FMParser.java:4458)
	at freemarker.template.Template.<init>(Template.java:253)
	at freemarker.cache.TemplateCache.loadTemplate(TemplateCache.java:549)
	at freemarker.cache.TemplateCache.getTemplateInternal(TemplateCache.java:439)
	at freemarker.cache.TemplateCache.getTemplate(TemplateCache.java:292)
	at freemarker.template.Configuration.getTemplate(Configuration.java:2750)
	at freemarker.core.Environment.getTemplateForInclusion(Environment.java:2540)
	at freemarker.core.Include.accept(Include.java:162)
	... 93 more
2019-04-06 00:58:44 ERROR runtime:59 - Error executing FreeMarker template
FreeMarker template error:
Template inclusion failed (for parameter value "navbar.ftl"):
Syntax error in template "parts/navbar.ftl" in line 36, column 6:
Unexpected end of file reached. You have an unclosed #if.

----
FTL stack trace ("~" means nesting-related):
	- Failed at: #include "navbar.ftl"  [in template "parts/common.ftl" in macro "page" at line 15, column 1]
	- Reached through: @common.page  [in template "greeting.ftl" at line 3, column 1]
----

Java stack trace (for programmers):
----
freemarker.core._MiscTemplateException: [... Exception message was already printed; see it above ...]
	at freemarker.core.Include.accept(Include.java:164)
	at freemarker.core.Environment.visit(Environment.java:366)
	at freemarker.core.Environment.invoke(Environment.java:775)
	at freemarker.core.UnifiedCall.accept(UnifiedCall.java:83)
	at freemarker.core.Environment.visit(Environment.java:330)
	at freemarker.core.Environment.visit(Environment.java:336)
	at freemarker.core.Environment.process(Environment.java:309)
	at freemarker.template.Template.process(Template.java:384)
	at org.springframework.web.servlet.view.freemarker.FreeMarkerView.processTemplate(FreeMarkerView.java:396)
	at org.springframework.web.servlet.view.freemarker.FreeMarkerView.doRender(FreeMarkerView.java:309)
	at org.springframework.web.servlet.view.freemarker.FreeMarkerView.renderMergedTemplateModel(FreeMarkerView.java:257)
	at org.springframework.web.servlet.view.AbstractTemplateView.renderMergedOutputModel(AbstractTemplateView.java:165)
	at org.springframework.web.servlet.view.AbstractView.render(AbstractView.java:315)
	at org.springframework.web.servlet.DispatcherServlet.render(DispatcherServlet.java:1325)
	at org.springframework.web.servlet.DispatcherServlet.processDispatchResult(DispatcherServlet.java:1069)
	at org.springframework.web.servlet.DispatcherServlet.doDispatch(DispatcherServlet.java:1008)
	at org.springframework.web.servlet.DispatcherServlet.doService(DispatcherServlet.java:925)
	at org.springframework.web.servlet.FrameworkServlet.processRequest(FrameworkServlet.java:974)
	at org.springframework.web.servlet.FrameworkServlet.doGet(FrameworkServlet.java:866)
	at javax.servlet.http.HttpServlet.service(HttpServlet.java:635)
	at org.springframework.web.servlet.FrameworkServlet.service(FrameworkServlet.java:851)
	at javax.servlet.http.HttpServlet.service(HttpServlet.java:742)
	at org.apache.catalina.core.ApplicationFilterChain.internalDoFilter(ApplicationFilterChain.java:231)
	at org.apache.catalina.core.ApplicationFilterChain.doFilter(ApplicationFilterChain.java:166)
	at org.apache.tomcat.websocket.server.WsFilter.doFilter(WsFilter.java:52)
	at org.apache.catalina.core.ApplicationFilterChain.internalDoFilter(ApplicationFilterChain.java:193)
	at org.apache.catalina.core.ApplicationFilterChain.doFilter(ApplicationFilterChain.java:166)
	at org.springframework.security.web.FilterChainProxy$VirtualFilterChain.doFilter(FilterChainProxy.java:320)
	at org.springframework.security.web.access.intercept.FilterSecurityInterceptor.invoke(FilterSecurityInterceptor.java:127)
	at org.springframework.security.web.access.intercept.FilterSecurityInterceptor.doFilter(FilterSecurityInterceptor.java:91)
	at org.springframework.security.web.FilterChainProxy$VirtualFilterChain.doFilter(FilterChainProxy.java:334)
	at org.springframework.security.web.access.ExceptionTranslationFilter.doFilter(ExceptionTranslationFilter.java:119)
	at org.springframework.security.web.FilterChainProxy$VirtualFilterChain.doFilter(FilterChainProxy.java:334)
	at org.springframework.security.web.session.SessionManagementFilter.doFilter(SessionManagementFilter.java:137)
	at org.springframework.security.web.FilterChainProxy$VirtualFilterChain.doFilter(FilterChainProxy.java:334)
	at org.springframework.security.web.authentication.AnonymousAuthenticationFilter.doFilter(AnonymousAuthenticationFilter.java:111)
	at org.springframework.security.web.FilterChainProxy$VirtualFilterChain.doFilter(FilterChainProxy.java:334)
	at org.springframework.security.web.servletapi.SecurityContextHolderAwareRequestFilter.doFilter(SecurityContextHolderAwareRequestFilter.java:170)
	at org.springframework.security.web.FilterChainProxy$VirtualFilterChain.doFilter(FilterChainProxy.java:334)
	at org.springframework.security.web.savedrequest.RequestCacheAwareFilter.doFilter(RequestCacheAwareFilter.java:63)
	at org.springframework.security.web.FilterChainProxy$VirtualFilterChain.doFilter(FilterChainProxy.java:334)
	at org.springframework.security.web.authentication.AbstractAuthenticationProcessingFilter.doFilter(AbstractAuthenticationProcessingFilter.java:200)
	at org.springframework.security.web.FilterChainProxy$VirtualFilterChain.doFilter(FilterChainProxy.java:334)
	at org.springframework.security.web.authentication.logout.LogoutFilter.doFilter(LogoutFilter.java:116)
	at org.springframework.security.web.FilterChainProxy$VirtualFilterChain.doFilter(FilterChainProxy.java:334)
	at org.springframework.security.web.csrf.CsrfFilter.doFilterInternal(CsrfFilter.java:100)
	at org.springframework.web.filter.OncePerRequestFilter.doFilter(OncePerRequestFilter.java:107)
	at org.springframework.security.web.FilterChainProxy$VirtualFilterChain.doFilter(FilterChainProxy.java:334)
	at org.springframework.security.web.header.HeaderWriterFilter.doFilterInternal(HeaderWriterFilter.java:66)
	at org.springframework.web.filter.OncePerRequestFilter.doFilter(OncePerRequestFilter.java:107)
	at org.springframework.security.web.FilterChainProxy$VirtualFilterChain.doFilter(FilterChainProxy.java:334)
	at org.springframework.security.web.context.SecurityContextPersistenceFilter.doFilter(SecurityContextPersistenceFilter.java:105)
	at org.springframework.security.web.FilterChainProxy$VirtualFilterChain.doFilter(FilterChainProxy.java:334)
	at org.springframework.security.web.context.request.async.WebAsyncManagerIntegrationFilter.doFilterInternal(WebAsyncManagerIntegrationFilter.java:56)
	at org.springframework.web.filter.OncePerRequestFilter.doFilter(OncePerRequestFilter.java:107)
	at org.springframework.security.web.FilterChainProxy$VirtualFilterChain.doFilter(FilterChainProxy.java:334)
	at org.springframework.security.web.FilterChainProxy.doFilterInternal(FilterChainProxy.java:215)
	at org.springframework.security.web.FilterChainProxy.doFilter(FilterChainProxy.java:178)
	at org.springframework.web.filter.DelegatingFilterProxy.invokeDelegate(DelegatingFilterProxy.java:357)
	at org.springframework.web.filter.DelegatingFilterProxy.doFilter(DelegatingFilterProxy.java:270)
	at org.apache.catalina.core.ApplicationFilterChain.internalDoFilter(ApplicationFilterChain.java:193)
	at org.apache.catalina.core.ApplicationFilterChain.doFilter(ApplicationFilterChain.java:166)
	at org.springframework.web.filter.RequestContextFilter.doFilterInternal(RequestContextFilter.java:99)
	at org.springframework.web.filter.OncePerRequestFilter.doFilter(OncePerRequestFilter.java:107)
	at org.apache.catalina.core.ApplicationFilterChain.internalDoFilter(ApplicationFilterChain.java:193)
	at org.apache.catalina.core.ApplicationFilterChain.doFilter(ApplicationFilterChain.java:166)
	at org.springframework.web.filter.HttpPutFormContentFilter.doFilterInternal(HttpPutFormContentFilter.java:109)
	at org.springframework.web.filter.OncePerRequestFilter.doFilter(OncePerRequestFilter.java:107)
	at org.apache.catalina.core.ApplicationFilterChain.internalDoFilter(ApplicationFilterChain.java:193)
	at org.apache.catalina.core.ApplicationFilterChain.doFilter(ApplicationFilterChain.java:166)
	at org.springframework.web.filter.HiddenHttpMethodFilter.doFilterInternal(HiddenHttpMethodFilter.java:93)
	at org.springframework.web.filter.OncePerRequestFilter.doFilter(OncePerRequestFilter.java:107)
	at org.apache.catalina.core.ApplicationFilterChain.internalDoFilter(ApplicationFilterChain.java:193)
	at org.apache.catalina.core.ApplicationFilterChain.doFilter(ApplicationFilterChain.java:166)
	at org.springframework.web.filter.CharacterEncodingFilter.doFilterInternal(CharacterEncodingFilter.java:200)
	at org.springframework.web.filter.OncePerRequestFilter.doFilter(OncePerRequestFilter.java:107)
	at org.apache.catalina.core.ApplicationFilterChain.internalDoFilter(ApplicationFilterChain.java:193)
	at org.apache.catalina.core.ApplicationFilterChain.doFilter(ApplicationFilterChain.java:166)
	at org.apache.catalina.core.StandardWrapperValve.invoke(StandardWrapperValve.java:198)
	at org.apache.catalina.core.StandardContextValve.invoke(StandardContextValve.java:96)
	at org.apache.catalina.authenticator.AuthenticatorBase.invoke(AuthenticatorBase.java:493)
	at org.apache.catalina.core.StandardHostValve.invoke(StandardHostValve.java:140)
	at org.apache.catalina.valves.ErrorReportValve.invoke(ErrorReportValve.java:81)
	at org.apache.catalina.core.StandardEngineValve.invoke(StandardEngineValve.java:87)
	at org.apache.catalina.connector.CoyoteAdapter.service(CoyoteAdapter.java:342)
	at org.apache.coyote.http11.Http11Processor.service(Http11Processor.java:800)
	at org.apache.coyote.AbstractProcessorLight.process(AbstractProcessorLight.java:66)
	at org.apache.coyote.AbstractProtocol$ConnectionHandler.process(AbstractProtocol.java:806)
	at org.apache.tomcat.util.net.NioEndpoint$SocketProcessor.doRun(NioEndpoint.java:1498)
	at org.apache.tomcat.util.net.SocketProcessorBase.run(SocketProcessorBase.java:49)
	at java.util.concurrent.ThreadPoolExecutor.runWorker(ThreadPoolExecutor.java:1149)
	at java.util.concurrent.ThreadPoolExecutor$Worker.run(ThreadPoolExecutor.java:624)
	at org.apache.tomcat.util.threads.TaskThread$WrappingRunnable.run(TaskThread.java:61)
	at java.lang.Thread.run(Thread.java:748)
Caused by: freemarker.core.ParseException: Syntax error in template "parts/navbar.ftl" in line 36, column 6:
Unexpected end of file reached. You have an unclosed #if.
	at freemarker.core.FMParser.generateParseException(FMParser.java:5768)
	at freemarker.core.FMParser.jj_consume_token(FMParser.java:5627)
	at freemarker.core.FMParser.If(FMParser.java:1699)
	at freemarker.core.FMParser.FreemarkerDirective(FMParser.java:3422)
	at freemarker.core.FMParser.MixedContentElements(FMParser.java:3812)
	at freemarker.core.FMParser.Root(FMParser.java:4458)
	at freemarker.template.Template.<init>(Template.java:253)
	at freemarker.cache.TemplateCache.loadTemplate(TemplateCache.java:549)
	at freemarker.cache.TemplateCache.getTemplateInternal(TemplateCache.java:439)
	at freemarker.cache.TemplateCache.getTemplate(TemplateCache.java:292)
	at freemarker.template.Configuration.getTemplate(Configuration.java:2750)
	at freemarker.core.Environment.getTemplateForInclusion(Environment.java:2540)
	at freemarker.core.Include.accept(Include.java:162)
	... 93 more
2019-04-06 01:00:28 INFO  JsonDeserializer:36 - dataSource/users.json successfuly read.
2019-04-06 01:00:28 INFO  JsonSimpleDeserializer:32 - dataSource/products.json successfuly read.
2019-04-06 01:01:40 INFO  JsonSerializer:26 - dataSource/users.json successfuly is written.
2019-04-06 01:03:26 INFO  JsonDeserializer:36 - dataSource/users.json successfuly read.
2019-04-06 01:03:26 INFO  JsonSimpleDeserializer:32 - dataSource/products.json successfuly read.
2019-04-06 01:04:46 INFO  JsonSerializer:26 - dataSource/users.json successfuly is written.
2019-04-06 01:04:52 INFO  JsonSerializer:26 - dataSource/users.json successfuly is written.
2019-04-06 01:04:54 INFO  ShopManager:24 - Attempt to get product with index 0
2019-04-06 01:04:54 INFO  ShopManager:24 - Attempt to get product with index 1
2019-04-06 01:04:57 INFO  JsonSerializer:26 - dataSource/users.json successfuly is written.
2019-04-06 01:04:57 INFO  ShopManager:24 - Attempt to get product with index 0
2019-04-06 01:04:57 INFO  ShopManager:24 - Attempt to get product with index 0
2019-04-06 01:05:00 INFO  JsonSerializer:26 - dataSource/users.json successfuly is written.
2019-04-06 01:05:07 INFO  JsonSerializer:26 - dataSource/users.json successfuly is written.
2019-04-06 01:05:11 INFO  ShopManager:24 - Attempt to get product with index 0
2019-04-06 01:05:13 INFO  JsonSerializer:26 - dataSource/users.json successfuly is written.
2019-04-06 01:14:58 INFO  JsonDeserializer:36 - dataSource/users.json successfuly read.
2019-04-06 01:14:58 INFO  JsonSimpleDeserializer:32 - dataSource/products.json successfuly read.
2019-04-06 01:15:19 INFO  JsonSerializer:26 - dataSource/users.json successfuly is written.
2019-04-06 01:15:23 INFO  ShopManager:24 - Attempt to get product with index 0
2019-04-06 01:15:29 INFO  JsonSerializer:26 - dataSource/users.json successfuly is written.
2019-04-06 01:15:30 INFO  ShopManager:24 - Attempt to get product with index 0
2019-04-06 01:15:30 INFO  ShopManager:24 - Attempt to get product with index 1
2019-04-06 01:15:32 INFO  JsonSerializer:26 - dataSource/users.json successfuly is written.
2019-04-06 01:15:32 INFO  ShopManager:24 - Attempt to get product with index 0
2019-04-06 01:15:32 INFO  ShopManager:24 - Attempt to get product with index 0
